-------------------------------------------------------------------------------
Test set: za.ac.cput.tdd.AppTest
-------------------------------------------------------------------------------
Tests run: 1, Failures: 1, Errors: 0, Skipped: 0, Time elapsed: 0.094 s <<< FAILURE! - in za.ac.cput.tdd.AppTest
testSomeMethod  Time elapsed: 0.078 s  <<< FAILURE!
org.opentest4j.AssertionFailedError: The test case is a prototype.
	at za.ac.cput.tdd.AppTest.testSomeMethod(AppTest.java:65)

